<?xml version="1.0" encoding="UTF-8"?>
<testsuite xmlns:xsi="http://www.w3.org/2001/XMLSchema-instance" xsi:noNamespaceSchemaLocation="https://maven.apache.org/surefire/maven-surefire-plugin/xsd/surefire-test-report.xsd" name="org.example.MiixedTest" time="0.721" tests="1" errors="1" skipped="0" failures="0">
  <properties>
[...]
</properties>
  <testcase name="setUp" classname="org.example.MiixedTest" time="0.688">
    <error message="Connection refused (Connection refused)&#10;Build info: version: &apos;3.141.59&apos;, revision: &apos;e82be7d358&apos;, time: &apos;2018-11-14T08:17:03&apos;&#10;System info: host: &apos;testinium-MacBook-Pro.local&apos;, ip: &apos;fe80:0:0:0:1c6c:3921:30eb:90b9%en0&apos;, os.name: &apos;Mac OS X&apos;, os.arch: &apos;x86_64&apos;, os.version: &apos;10.15.4&apos;, java.version: &apos;1.8.0_241&apos;&#10;Driver info: driver.version: AndroidDriver" type="org.openqa.selenium.WebDriverException">org.openqa.selenium.WebDriverException: 
Connection refused (Connection refused)
Build info: version: '3.141.59', revision: 'e82be7d358', time: '2018-11-14T08:17:03'
System info: host: 'testinium-MacBook-Pro.local', ip: 'fe80:0:0:0:1c6c:3921:30eb:90b9%en0', os.name: 'Mac OS X', os.arch: 'x86_64', os.version: '10.15.4', java.version: '1.8.0_241'
Driver info: driver.version: AndroidDriver
	at org.example.MiixedTest.setUp(MiixedTest.java:17)
Caused by: java.net.ConnectException: Connection refused (Connection refused)
	at org.example.MiixedTest.setUp(MiixedTest.java:17)
</error>
  </testcase>
</testsuite>